[ 75%] [32mBuilding CXX object CMakeFiles/Distance_Calculator.dir/src/distance_Calculator.cpp.o[0m
[ 75%] Built target Serial_node_1
[01m[K/home/einstein/Documents/serial_ws/src/serial_cpp_pkg/src/distance_Calculator.cpp:11:10:[m[K [01;31m[Kfatal error: [m[Knav_msgs/msg/odometry.hpp: No such file or directory
   11 | #include [01;31m[K<nav_msgs/msg/odometry.hpp>[m[K
      |          [01;31m[K^~~~~~~~~~~~~~~~~~~~~~~~~~~[m[K
compilation terminated.
gmake[2]: *** [CMakeFiles/Distance_Calculator.dir/build.make:76: CMakeFiles/Distance_Calculator.dir/src/distance_Calculator.cpp.o] Error 1
gmake[1]: *** [CMakeFiles/Makefile2:165: CMakeFiles/Distance_Calculator.dir/all] Error 2
gmake: *** [Makefile:146: all] Error 2
