[0.013s] Invoking command in '/home/einstein/Documents/serial_ws/build/serial_cpp_pkg': CMAKE_PREFIX_PATH=${CMAKE_PREFIX_PATH}:/opt/ros/humble /usr/bin/cmake --build /home/einstein/Documents/serial_ws/build/serial_cpp_pkg -- -j8 -l8
[0.056s] [ 75%] [32mBuilding CXX object CMakeFiles/Distance_Calculator.dir/src/distance_Calculator.cpp.o[0m
[0.056s] [ 75%] Built target Serial_node_1
[2.473s] [01m[K/home/einstein/Documents/serial_ws/src/serial_cpp_pkg/src/distance_Calculator.cpp:48:23:[m[K [01;31m[Kerror: [m[Kâ€˜[01m[Knav_msgs[m[Kâ€™ was not declared in this scope
[2.473s]    48 |     rclcpp::Publisher<[01;31m[Knav_msgs[m[K::msg::Odometry>::SharedPtr odom_data_pub;
[2.473s]       |                       [01;31m[K^~~~~~~~[m[K
[2.473s] [01m[K/home/einstein/Documents/serial_ws/src/serial_cpp_pkg/src/distance_Calculator.cpp:48:46:[m[K [01;31m[Kerror: [m[Ktemplate argument 1 is invalid
[2.473s]    48 |     rclcpp::Publisher<nav_msgs::msg::Odometry[01;31m[K>[m[K::SharedPtr odom_data_pub;
[2.473s]       |                                              [01;31m[K^[m[K
[2.473s] [01m[K/home/einstein/Documents/serial_ws/src/serial_cpp_pkg/src/distance_Calculator.cpp:48:49:[m[K [01;31m[Kerror: [m[Kexpected â€˜[01m[K;[m[Kâ€™ at end of member declaration
[2.473s]    48 |     rclcpp::Publisher<nav_msgs::msg::Odometry>::[01;31m[KSharedPtr[m[K odom_data_pub;
[2.473s]       |                                                 [01;31m[K^~~~~~~~~[m[K
[2.473s]       |                                                          [32m[K;[m[K
[2.475s] [01m[K/home/einstein/Documents/serial_ws/src/serial_cpp_pkg/src/distance_Calculator.cpp:48:59:[m[K [01;31m[Kerror: [m[Kâ€˜[01m[Kodom_data_pub[m[Kâ€™ does not name a type
[2.475s]    48 |     rclcpp::Publisher<nav_msgs::msg::Odometry>::SharedPtr [01;31m[Kodom_data_pub[m[K;
[2.475s]       |                                                           [01;31m[K^~~~~~~~~~~~~[m[K
[2.479s] [01m[K/home/einstein/Documents/serial_ws/src/serial_cpp_pkg/src/distance_Calculator.cpp:49:23:[m[K [01;31m[Kerror: [m[Kâ€˜[01m[Knav_msgs[m[Kâ€™ was not declared in this scope
[2.479s]    49 |     rclcpp::Publisher<[01;31m[Knav_msgs[m[K::msg::Odometry>::SharedPtr odom_data_pub_quat;
[2.479s]       |                       [01;31m[K^~~~~~~~[m[K
[2.479s] [01m[K/home/einstein/Documents/serial_ws/src/serial_cpp_pkg/src/distance_Calculator.cpp:49:46:[m[K [01;31m[Kerror: [m[Ktemplate argument 1 is invalid
[2.479s]    49 |     rclcpp::Publisher<nav_msgs::msg::Odometry[01;31m[K>[m[K::SharedPtr odom_data_pub_quat;
[2.479s]       |                                              [01;31m[K^[m[K
[2.479s] [01m[K/home/einstein/Documents/serial_ws/src/serial_cpp_pkg/src/distance_Calculator.cpp:49:49:[m[K [01;31m[Kerror: [m[Kexpected â€˜[01m[K;[m[Kâ€™ at end of member declaration
[2.479s]    49 |     rclcpp::Publisher<nav_msgs::msg::Odometry>::[01;31m[KSharedPtr[m[K odom_data_pub_quat;
[2.479s]       |                                                 [01;31m[K^~~~~~~~~[m[K
[2.479s]       |                                                          [32m[K;[m[K
[2.479s] [01m[K/home/einstein/Documents/serial_ws/src/serial_cpp_pkg/src/distance_Calculator.cpp:49:49:[m[K [01;31m[Kerror: [m[Kredeclaration of â€˜[01m[Kint D_Calc::SharedPtr[m[Kâ€™
[2.479s] [01m[K/home/einstein/Documents/serial_ws/src/serial_cpp_pkg/src/distance_Calculator.cpp:48:49:[m[K [01;36m[Knote: [m[Kprevious declaration â€˜[01m[Kint D_Calc::SharedPtr[m[Kâ€™
[2.479s]    48 |     rclcpp::Publisher<nav_msgs::msg::Odometry>::[01;36m[KSharedPtr[m[K odom_data_pub;
[2.479s]       |                                                 [01;36m[K^~~~~~~~~[m[K
[2.481s] [01m[K/home/einstein/Documents/serial_ws/src/serial_cpp_pkg/src/distance_Calculator.cpp:49:59:[m[K [01;31m[Kerror: [m[Kâ€˜[01m[Kodom_data_pub_quat[m[Kâ€™ does not name a type
[2.481s]    49 |     rclcpp::Publisher<nav_msgs::msg::Odometry>::SharedPtr [01;31m[Kodom_data_pub_quat[m[K;
[2.481s]       |                                                           [01;31m[K^~~~~~~~~~~~~~~~~~[m[K
[2.482s] [01m[K/home/einstein/Documents/serial_ws/src/serial_cpp_pkg/src/distance_Calculator.cpp:50:5:[m[K [01;31m[Kerror: [m[Kâ€˜[01m[Knav_msgs[m[Kâ€™ does not name a type
[2.482s]    50 |     [01;31m[Knav_msgs[m[K::msg::Odometry odomNew;
[2.482s]       |     [01;31m[K^~~~~~~~[m[K
[2.483s] [01m[K/home/einstein/Documents/serial_ws/src/serial_cpp_pkg/src/distance_Calculator.cpp:51:5:[m[K [01;31m[Kerror: [m[Kâ€˜[01m[Knav_msgs[m[Kâ€™ does not name a type
[2.483s]    51 |     [01;31m[Knav_msgs[m[K::msg::Odometry odomOld;
[2.483s]       |     [01;31m[K^~~~~~~~[m[K
[2.488s] [01m[K/home/einstein/Documents/serial_ws/src/serial_cpp_pkg/src/distance_Calculator.cpp:[m[K In constructor â€˜[01m[KD_Calc::D_Calc()[m[Kâ€™:
[2.488s] [01m[K/home/einstein/Documents/serial_ws/src/serial_cpp_pkg/src/distance_Calculator.cpp:27:9:[m[K [01;31m[Kerror: [m[Kâ€˜[01m[KodomNew[m[Kâ€™ was not declared in this scope; did you mean â€˜[01m[Kodom[m[Kâ€™?
[2.488s]    27 |         [01;31m[KodomNew[m[K.header.frame_id = "odom";
[2.488s]       |         [01;31m[K^~~~~~~[m[K
[2.488s]       |         [32m[Kodom[m[K
[2.492s] [01m[K/home/einstein/Documents/serial_ws/src/serial_cpp_pkg/src/distance_Calculator.cpp:37:9:[m[K [01;31m[Kerror: [m[Kâ€˜[01m[KodomOld[m[Kâ€™ was not declared in this scope; did you mean â€˜[01m[Kodom[m[Kâ€™?
[2.492s]    37 |         [01;31m[KodomOld[m[K.pose.pose.position.x = old_X;
[2.492s]       |         [01;31m[K^~~~~~~[m[K
[2.492s]       |         [32m[Kodom[m[K
[2.509s] [01m[K/home/einstein/Documents/serial_ws/src/serial_cpp_pkg/src/distance_Calculator.cpp:[m[K In member function â€˜[01m[Kvoid D_Calc::set_initial_2D()[m[Kâ€™:
[2.509s] [01m[K/home/einstein/Documents/serial_ws/src/serial_cpp_pkg/src/distance_Calculator.cpp:81:9:[m[K [01;31m[Kerror: [m[Kâ€˜[01m[KodomOld[m[Kâ€™ was not declared in this scope; did you mean â€˜[01m[Kodom[m[Kâ€™?
[2.509s]    81 |         [01;31m[KodomOld[m[K.pose.pose.position.x = new_X;
[2.509s]       |         [01;31m[K^~~~~~~[m[K
[2.509s]       |         [32m[Kodom[m[K
[2.516s] [01m[K/home/einstein/Documents/serial_ws/src/serial_cpp_pkg/src/distance_Calculator.cpp:[m[K In member function â€˜[01m[Kvoid D_Calc::publish_Quaternion()[m[Kâ€™:
[2.516s] [01m[K/home/einstein/Documents/serial_ws/src/serial_cpp_pkg/src/distance_Calculator.cpp:111:24:[m[K [01;31m[Kerror: [m[Kâ€˜[01m[KodomNew[m[Kâ€™ was not declared in this scope; did you mean â€˜[01m[Kodom[m[Kâ€™?
[2.516s]   111 |         q.setRPY(0, 0, [01;31m[KodomNew[m[K.pose.pose.orientation.z);
[2.516s]       |                        [01;31m[K^~~~~~~[m[K
[2.516s]       |                        [32m[Kodom[m[K
[2.516s] [01m[K/home/einstein/Documents/serial_ws/src/serial_cpp_pkg/src/distance_Calculator.cpp:113:9:[m[K [01;31m[Kerror: [m[Kâ€˜[01m[Knav_msgs[m[Kâ€™ has not been declared
[2.516s]   113 |         [01;31m[Knav_msgs[m[K::msg::Odometry quatOdom;
[2.516s]       |         [01;31m[K^~~~~~~~[m[K
[2.521s] [01m[K/home/einstein/Documents/serial_ws/src/serial_cpp_pkg/src/distance_Calculator.cpp:114:9:[m[K [01;31m[Kerror: [m[Kâ€˜[01m[KquatOdom[m[Kâ€™ was not declared in this scope
[2.521s]   114 |         [01;31m[KquatOdom[m[K.header.stamp = odomNew.header.stamp;
[2.521s]       |         [01;31m[K^~~~~~~~[m[K
[2.529s] [01m[K/home/einstein/Documents/serial_ws/src/serial_cpp_pkg/src/distance_Calculator.cpp:147:9:[m[K [01;31m[Kerror: [m[Kâ€˜[01m[Kodom_data_pub_quat[m[Kâ€™ was not declared in this scope
[2.529s]   147 |         [01;31m[Kodom_data_pub_quat[m[K->publish(quatOdom);
[2.529s]       |         [01;31m[K^~~~~~~~~~~~~~~~~~[m[K
[2.533s] [01m[K/home/einstein/Documents/serial_ws/src/serial_cpp_pkg/src/distance_Calculator.cpp:[m[K In member function â€˜[01m[Kvoid D_Calc::update_odom()[m[Kâ€™:
[2.533s] [01m[K/home/einstein/Documents/serial_ws/src/serial_cpp_pkg/src/distance_Calculator.cpp:160:44:[m[K [01;31m[Kerror: [m[Kâ€˜[01m[KodomOld[m[Kâ€™ was not declared in this scope; did you mean â€˜[01m[Kodom[m[Kâ€™?
[2.533s]   160 |         double avgAngle = cycleAngle / 2 + [01;31m[KodomOld[m[K.pose.pose.orientation.z;
[2.533s]       |                                            [01;31m[K^~~~~~~[m[K
[2.533s]       |                                            [32m[Kodom[m[K
[2.539s] [01m[K/home/einstein/Documents/serial_ws/src/serial_cpp_pkg/src/distance_Calculator.cpp:175:9:[m[K [01;31m[Kerror: [m[Kâ€˜[01m[KodomNew[m[Kâ€™ was not declared in this scope; did you mean â€˜[01m[Kodom[m[Kâ€™?
[2.539s]   175 |         [01;31m[KodomNew[m[K.pose.pose.position.x = odomOld.pose.pose.position.x + cos(avgAngle) * distance_Avg;
[2.539s]       |         [01;31m[K^~~~~~~[m[K
[2.539s]       |         [32m[Kodom[m[K
[2.544s] [01m[K/home/einstein/Documents/serial_ws/src/serial_cpp_pkg/src/distance_Calculator.cpp:212:9:[m[K [01;31m[Kerror: [m[Kâ€˜[01m[Kodom_data_pub[m[Kâ€™ was not declared in this scope
[2.545s]   212 |         [01;31m[Kodom_data_pub[m[K->publish(odomNew);
[2.545s]       |         [01;31m[K^~~~~~~~~~~~~[m[K
[2.549s] [01m[K/home/einstein/Documents/serial_ws/src/serial_cpp_pkg/src/distance_Calculator.cpp:[m[K In member function â€˜[01m[Kvoid D_Calc::odom()[m[Kâ€™:
[2.549s] [01m[K/home/einstein/Documents/serial_ws/src/serial_cpp_pkg/src/distance_Calculator.cpp:240:44:[m[K [01;31m[Kerror: [m[Kâ€˜[01m[KodomOld[m[Kâ€™ was not declared in this scope; did you mean â€˜[01m[Kodom[m[Kâ€™?
[2.549s]   240 |         double avgAngle = cycleAngle / 2 + [01;31m[KodomOld[m[K.pose.pose.orientation.z;
[2.549s]       |                                            [01;31m[K^~~~~~~[m[K
[2.549s]       |                                            [32m[Kodom[m[K
[2.562s] [01m[K/home/einstein/Documents/serial_ws/src/serial_cpp_pkg/src/distance_Calculator.cpp:240:16:[m[K [01;35m[Kwarning: [m[Kunused variable â€˜[01m[KavgAngle[m[Kâ€™ [[01;35m[K]8;;https://gcc.gnu.org/onlinedocs/gcc/Warning-Options.html#index-Wunused-variable-Wunused-variable]8;;[m[K]
[2.562s]   240 |         double [01;35m[KavgAngle[m[K = cycleAngle / 2 + odomOld.pose.pose.orientation.z;
[2.562s]       |                [01;35m[K^~~~~~~~[m[K
[4.469s] gmake[2]: *** [CMakeFiles/Distance_Calculator.dir/build.make:76: CMakeFiles/Distance_Calculator.dir/src/distance_Calculator.cpp.o] Error 1
[4.470s] gmake[1]: *** [CMakeFiles/Makefile2:165: CMakeFiles/Distance_Calculator.dir/all] Error 2
[4.470s] gmake: *** [Makefile:146: all] Error 2
[4.471s] Invoked command in '/home/einstein/Documents/serial_ws/build/serial_cpp_pkg' returned '2': CMAKE_PREFIX_PATH=${CMAKE_PREFIX_PATH}:/opt/ros/humble /usr/bin/cmake --build /home/einstein/Documents/serial_ws/build/serial_cpp_pkg -- -j8 -l8
