<?xml version="1.0" encoding="UTF-8"?>
<Site BuildName="(empty)"
	BuildStamp="20240819-1114-Experimental"
	Name="einstein-dgon"
	Generator="ctest-3.22.1"
	CompilerName="/usr/bin/c++"
	CompilerVersion="11.4.0"
	OSName="Linux"
	Hostname="einstein-dgon"
	OSRelease="6.8.0-40-generic"
	OSVersion="#40~22.04.3-Ubuntu SMP PREEMPT_DYNAMIC Tue Jul 30 17:30:19 UTC 2"
	OSPlatform="x86_64"
	Is64Bits="1"
	VendorString="GenuineIntel"
	VendorID="Intel Corporation"
	FamilyID="6"
	ModelID="140"
	ProcessorCacheSize="8192"
	NumberOfLogicalCPU="8"
	NumberOfPhysicalCPU="4"
	TotalVirtualMemory="2047"
	TotalPhysicalMemory="15777"
	LogicalProcessorsPerPhysical="2"
	ProcessorClockFrequency="3798.58"
	>
	<Testing>
		<StartDateTime>Aug 19 14:14 EAT</StartDateTime>
		<StartTestTime>1724066046</StartTestTime>
		<TestList/>
		<EndDateTime>Aug 19 14:14 EAT</EndDateTime>
		<EndTestTime>1724066046</EndTestTime>
		<ElapsedMinutes>0</ElapsedMinutes>
	</Testing>
</Site>
